TN:
SF:src/tactics/Checkmate.ts
FN:5,isTactic
FN:49,sequenceToMoveList
FN:67,playerExitedForcedMate
FNF:3
FNH:3
FNDA:2,isTactic
FNDA:1,sequenceToMoveList
FNDA:1,playerExitedForcedMate
DA:1,1
DA:2,1
DA:3,1
DA:4,1
DA:5,1
DA:6,2
DA:7,2
DA:8,0
DA:9,0
DA:10,2
DA:11,2
DA:12,2
DA:13,2
DA:14,2
DA:15,1
DA:16,2
DA:17,1
DA:18,1
DA:19,2
DA:20,0
DA:21,0
DA:22,1
DA:23,1
DA:24,1
DA:25,1
DA:26,1
DA:27,1
DA:28,1
DA:29,1
DA:30,1
DA:31,1
DA:32,1
DA:33,1
DA:34,1
DA:35,1
DA:36,1
DA:37,0
DA:38,0
DA:39,0
DA:40,0
DA:41,0
DA:42,0
DA:43,0
DA:44,0
DA:45,0
DA:46,0
DA:47,0
DA:48,1
DA:49,1
DA:50,1
DA:51,1
DA:52,1
DA:53,1
DA:54,1
DA:55,0
DA:56,0
DA:57,1
DA:58,1
DA:59,1
DA:60,4
DA:61,4
DA:62,1
DA:63,1
DA:64,1
DA:65,1
DA:66,1
DA:67,1
DA:68,1
DA:69,1
DA:70,1
DA:71,1
DA:72,1
DA:73,1
DA:74,1
DA:75,1
DA:76,1
DA:77,1
DA:78,1
LF:78
LH:61
BRDA:5,0,0,2
BRDA:7,1,0,0
BRDA:14,2,0,1
BRDA:16,3,0,1
BRDA:19,4,0,0
BRDA:22,5,0,1
BRDA:26,6,0,0
BRDA:26,7,0,0
BRDA:37,8,0,0
BRDA:39,9,0,0
BRDA:49,10,0,1
BRDA:54,11,0,0
BRDA:59,12,0,4
BRDA:67,13,0,1
BRDA:72,14,0,0
BRF:15
BRH:7
end_of_record
TN:
SF:src/tactics/Fork.ts
FN:10,isTactic
FN:35,getCosmeticForks
FNF:2
FNH:2
FNDA:8,isTactic
FNDA:18,getCosmeticForks
DA:1,1
DA:2,1
DA:3,1
DA:4,1
DA:5,1
DA:6,1
DA:7,1
DA:8,1
DA:9,1
DA:10,1
DA:11,8
DA:12,8
DA:13,8
DA:14,8
DA:15,8
DA:16,8
DA:17,8
DA:18,8
DA:19,8
DA:20,8
DA:21,8
DA:22,6
DA:23,8
DA:24,6
DA:25,6
DA:26,6
DA:27,6
DA:28,6
DA:29,6
DA:30,6
DA:31,8
DA:32,2
DA:33,2
DA:34,1
DA:35,1
DA:36,18
DA:37,18
DA:38,18
DA:39,14
DA:40,14
DA:41,4
DA:42,4
DA:43,1
DA:44,1
DA:45,1
LF:45
LH:45
BRDA:10,0,0,8
BRDA:21,1,0,6
BRDA:23,2,0,6
BRDA:32,3,0,2
BRDA:35,4,0,18
BRDA:38,5,0,14
BRDA:41,6,0,4
BRF:7
BRH:7
end_of_record
TN:
SF:src/tactics/HangingPiece.ts
FN:9,isTactic
FNF:1
FNH:1
FNDA:1,isTactic
DA:1,1
DA:2,1
DA:3,1
DA:4,1
DA:5,1
DA:6,1
DA:7,1
DA:8,1
DA:9,1
DA:10,1
DA:11,1
DA:12,1
DA:13,1
DA:14,1
DA:15,1
DA:16,1
DA:17,1
DA:18,1
DA:19,1
DA:20,1
DA:21,1
DA:22,1
DA:23,1
DA:24,0
DA:25,0
DA:26,1
DA:27,0
DA:28,0
DA:29,1
DA:30,0
DA:31,0
DA:32,1
DA:33,1
DA:34,1
DA:35,1
DA:36,1
DA:37,1
DA:38,1
DA:39,1
DA:40,1
DA:41,1
DA:42,1
DA:43,1
DA:44,1
DA:45,1
DA:46,1
DA:47,0
DA:48,0
DA:49,1
DA:50,1
DA:51,1
LF:51
LH:43
BRDA:9,0,0,1
BRDA:23,1,0,0
BRDA:23,2,0,0
BRDA:26,3,0,0
BRDA:29,4,0,0
BRDA:47,5,0,0
BRF:6
BRH:1
end_of_record
TN:
SF:src/tactics/Pin.ts
FN:9,isTactic
FN:28,getCosmeticPins
FN:79,isTacticalPin
FN:105,arePinnedPiecesCaptured
FN:122,movePreventsPawnMobility
FNF:5
FNH:5
FNDA:13,isTactic
FNDA:22,getCosmeticPins
FNDA:7,isTacticalPin
FNDA:7,arePinnedPiecesCaptured
FNDA:7,movePreventsPawnMobility
DA:1,1
DA:2,1
DA:3,1
DA:4,1
DA:5,1
DA:6,1
DA:7,1
DA:8,1
DA:9,1
DA:10,13
DA:11,13
DA:12,13
DA:13,13
DA:14,13
DA:15,13
DA:16,7
DA:17,7
DA:18,7
DA:19,7
DA:20,7
DA:21,7
DA:22,7
DA:23,7
DA:24,7
DA:25,8
DA:26,8
DA:27,1
DA:28,1
DA:29,22
DA:30,3
DA:31,3
DA:32,19
DA:33,19
DA:34,19
DA:35,19
DA:36,19
DA:37,19
DA:38,22
DA:39,194
DA:40,194
DA:41,165
DA:42,165
DA:43,194
DA:44,11
DA:45,11
DA:46,11
DA:47,29
DA:48,29
DA:49,29
DA:50,29
DA:51,29
DA:52,29
DA:53,29
DA:54,29
DA:55,29
DA:56,29
DA:57,29
DA:58,29
DA:59,29
DA:60,29
DA:61,29
DA:62,29
DA:63,29
DA:64,194
DA:65,22
DA:66,19
DA:67,19
DA:68,7
DA:69,19
DA:70,4
DA:71,4
DA:72,15
DA:73,15
DA:74,22
DA:75,29
DA:76,19
DA:77,19
DA:78,1
DA:79,1
DA:80,7
DA:81,7
DA:82,7
DA:83,7
DA:84,7
DA:85,7
DA:86,7
DA:87,7
DA:88,7
DA:89,7
DA:90,7
DA:91,7
DA:92,7
DA:93,7
DA:94,7
DA:95,7
DA:96,5
DA:97,5
DA:98,5
DA:99,5
DA:100,5
DA:101,2
DA:102,2
DA:103,2
DA:104,1
DA:105,1
DA:106,7
DA:107,7
DA:108,7
DA:109,7
DA:110,7
DA:111,7
DA:112,7
DA:113,7
DA:114,7
DA:115,5
DA:116,7
DA:117,5
DA:118,5
DA:119,2
DA:120,2
DA:121,1
DA:122,1
DA:123,7
DA:124,7
DA:125,7
DA:126,7
DA:127,7
DA:128,7
DA:129,7
DA:130,7
DA:131,6
DA:132,6
DA:133,6
DA:134,6
DA:135,6
DA:136,6
DA:137,6
DA:138,6
DA:139,6
DA:140,6
DA:141,6
DA:142,7
DA:143,7
DA:144,7
DA:145,7
DA:146,7
DA:147,7
DA:148,1
DA:149,1
DA:150,7
DA:151,4
DA:152,4
DA:153,7
DA:154,5
DA:155,5
DA:156,5
DA:157,1
DA:158,1
DA:159,1
LF:159
LH:159
BRDA:9,0,0,13
BRDA:15,1,0,7
BRDA:23,2,0,5
BRDA:25,3,0,8
BRDA:28,4,0,22
BRDA:29,5,0,3
BRDA:32,6,0,19
BRDA:38,7,0,194
BRDA:40,8,0,30
BRDA:40,9,0,29
BRDA:40,10,0,165
BRDA:43,11,0,29
BRDA:43,12,0,11
BRDA:47,13,0,29
BRDA:64,14,0,22
BRDA:65,15,0,19
BRDA:67,16,0,7
BRDA:69,17,0,4
BRDA:72,18,0,15
BRDA:75,19,0,29
BRDA:76,20,0,19
BRDA:79,21,0,7
BRDA:95,22,0,5
BRDA:101,23,0,2
BRDA:105,24,0,7
BRDA:114,25,0,5
BRDA:116,26,0,5
BRDA:119,27,0,2
BRDA:122,28,0,7
BRDA:130,29,0,1
BRDA:131,30,0,6
BRDA:147,31,0,1
BRDA:150,32,0,6
BRDA:150,33,0,4
BRDA:154,34,0,5
BRF:35
BRH:35
end_of_record
TN:
SF:src/tactics/Sacrifice.ts
FN:8,isTactic
FN:29,sacrificedMaterial
FNF:2
FNH:2
FNDA:14,isTactic
FNDA:14,sacrificedMaterial
DA:1,1
DA:2,1
DA:3,1
DA:4,1
DA:5,1
DA:6,1
DA:7,1
DA:8,1
DA:9,14
DA:10,14
DA:11,14
DA:12,14
DA:13,14
DA:14,14
DA:15,14
DA:16,14
DA:17,14
DA:18,14
DA:19,11
DA:20,11
DA:21,11
DA:22,11
DA:23,11
DA:24,11
DA:25,11
DA:26,3
DA:27,3
DA:28,1
DA:29,1
DA:30,14
DA:31,1
DA:32,1
DA:33,13
DA:34,14
DA:35,14
DA:36,12
DA:37,12
DA:38,12
DA:39,12
DA:40,1
DA:41,1
DA:42,1
DA:43,1
DA:44,1
LF:44
LH:44
BRDA:8,0,0,14
BRDA:18,1,0,11
BRDA:26,2,0,3
BRDA:29,3,0,14
BRDA:30,4,0,13
BRDA:30,5,0,1
BRDA:33,6,0,13
BRDA:34,7,0,9
BRDA:34,8,0,4
BRDA:35,9,0,12
BRDA:36,10,0,10
BRDA:36,11,0,2
BRDA:40,12,0,1
BRF:13
BRH:13
end_of_record
TN:
SF:src/tactics/Skewer.ts
FN:8,isTactic
FN:27,getCosmeticSkewers
FN:80,isTacticalSkewer
FN:107,areSkeweredPiecesCaptured
FNF:4
FNH:4
FNDA:5,isTactic
FNDA:10,getCosmeticSkewers
FNDA:4,isTacticalSkewer
FNDA:4,areSkeweredPiecesCaptured
DA:1,1
DA:2,1
DA:3,1
DA:4,1
DA:5,1
DA:6,1
DA:7,1
DA:8,1
DA:9,5
DA:10,5
DA:11,5
DA:12,5
DA:13,5
DA:14,5
DA:15,4
DA:16,4
DA:17,4
DA:18,4
DA:19,4
DA:20,4
DA:21,4
DA:22,4
DA:23,4
DA:24,2
DA:25,2
DA:26,1
DA:27,1
DA:28,10
DA:29,0
DA:30,0
DA:31,10
DA:32,10
DA:33,10
DA:34,10
DA:35,10
DA:36,10
DA:37,10
DA:38,70
DA:39,55
DA:40,55
DA:41,15
DA:42,15
DA:43,15
DA:44,15
DA:45,70
DA:46,5
DA:47,0
DA:48,0
DA:49,5
DA:50,5
DA:51,5
DA:52,70
DA:53,10
DA:54,10
DA:55,10
DA:56,15
DA:57,15
DA:58,15
DA:59,15
DA:60,15
DA:61,15
DA:62,15
DA:63,15
DA:64,15
DA:65,70
DA:66,10
DA:67,10
DA:68,10
DA:69,10
DA:70,10
DA:71,10
DA:72,10
DA:73,8
DA:74,8
DA:75,10
DA:76,15
DA:77,10
DA:78,10
DA:79,1
DA:80,1
DA:81,4
DA:82,4
DA:83,4
DA:84,4
DA:85,4
DA:86,4
DA:87,4
DA:88,4
DA:89,4
DA:90,4
DA:91,4
DA:92,4
DA:93,4
DA:94,4
DA:95,4
DA:96,4
DA:97,4
DA:98,3
DA:99,3
DA:100,3
DA:101,3
DA:102,3
DA:103,1
DA:104,1
DA:105,1
DA:106,1
DA:107,1
DA:108,4
DA:109,4
DA:110,4
DA:111,4
DA:112,4
DA:113,4
DA:114,4
DA:115,4
DA:116,4
DA:117,4
DA:118,4
DA:119,4
DA:120,4
DA:121,4
DA:122,3
DA:123,3
DA:124,1
DA:125,1
DA:126,1
DA:127,1
DA:128,1
LF:128
LH:124
BRDA:8,0,0,5
BRDA:14,1,0,4
BRDA:22,2,0,3
BRDA:24,3,0,2
BRDA:27,4,0,10
BRDA:28,5,0,0
BRDA:37,6,0,70
BRDA:38,7,0,15
BRDA:38,8,0,55
BRDA:41,9,0,15
BRDA:45,10,0,5
BRDA:46,11,0,0
BRDA:50,12,0,0
BRDA:52,13,0,10
BRDA:56,14,0,15
BRDA:65,15,0,10
BRDA:70,16,0,3
BRDA:72,17,0,8
BRDA:76,18,0,15
BRDA:80,19,0,4
BRDA:97,20,0,3
BRDA:103,21,0,1
BRDA:107,22,0,4
BRDA:121,23,0,3
BRDA:124,24,0,1
BRF:25
BRH:22
end_of_record
TN:
SF:src/tactics/Trap.ts
FN:10,isTactic
FN:27,getCosmeticTrap
FN:62,pieceIsTrapped
FN:73,getCapturablePieces
FNF:4
FNH:4
FNDA:16,isTactic
FNDA:16,getCosmeticTrap
FNDA:35,pieceIsTrapped
FNDA:16,getCapturablePieces
DA:1,1
DA:2,1
DA:3,1
DA:4,1
DA:5,1
DA:6,1
DA:7,1
DA:8,1
DA:9,1
DA:10,1
DA:11,16
DA:12,16
DA:13,16
DA:14,16
DA:15,16
DA:16,10
DA:17,10
DA:18,6
DA:19,6
DA:20,6
DA:21,6
DA:22,6
DA:23,6
DA:24,6
DA:25,6
DA:26,1
DA:27,1
DA:28,16
DA:29,16
DA:30,16
DA:31,16
DA:32,16
DA:33,13
DA:34,16
DA:35,35
DA:36,35
DA:37,35
DA:38,35
DA:39,35
DA:40,35
DA:41,35
DA:42,6
DA:43,4
DA:44,6
DA:45,2
DA:46,2
DA:47,2
DA:48,2
DA:49,2
DA:50,2
DA:51,2
DA:52,2
DA:53,2
DA:54,2
DA:55,2
DA:56,2
DA:57,6
DA:58,35
DA:59,7
DA:60,7
DA:61,1
DA:62,1
DA:63,35
DA:64,35
DA:65,35
DA:66,35
DA:67,35
DA:68,35
DA:69,35
DA:70,35
DA:71,35
DA:72,1
DA:73,1
DA:74,16
DA:75,16
DA:76,16
DA:77,16
DA:78,16
DA:79,16
DA:80,16
DA:81,16
DA:82,16
DA:83,587
DA:84,55
DA:85,55
DA:86,587
DA:87,16
DA:88,16
DA:89,1
DA:90,1
DA:91,1
LF:91
LH:91
BRDA:10,0,0,16
BRDA:15,1,0,10
BRDA:18,2,0,6
BRDA:27,3,0,16
BRDA:32,4,0,3
BRDA:33,5,0,13
BRDA:34,6,0,35
BRDA:41,7,0,6
BRDA:42,8,0,4
BRDA:44,9,0,2
BRDA:59,10,0,7
BRDA:32,11,0,55
BRDA:62,12,0,35
BRDA:69,13,0,15
BRDA:69,14,0,23
BRDA:70,15,0,12
BRDA:70,16,0,6
BRDA:73,17,0,16
BRDA:82,18,0,587
BRDA:83,19,0,55
BRF:20
BRH:20
end_of_record
TN:
SF:src/tactics/utils.ts
FN:15,fenAtEndOfSequence
FNF:1
FNH:1
FNDA:19,fenAtEndOfSequence
DA:1,1
DA:2,1
DA:3,1
DA:4,1
DA:5,1
DA:6,1
DA:7,1
DA:8,1
DA:9,1
DA:10,1
DA:11,1
DA:12,1
DA:13,1
DA:14,1
DA:15,19
DA:16,19
DA:17,15
DA:18,15
DA:19,143
DA:20,15
DA:21,15
DA:22,15
DA:23,15
LF:23
LH:23
BRDA:15,0,0,19
BRDA:16,1,0,4
BRDA:17,2,0,15
BRDA:18,3,0,143
BRF:4
BRH:4
end_of_record
TN:
SF:src/utils/base_tactic.ts
FN:7,isTactic
FN:11,invertTurn
FN:19,getThreateningMoves
FN:35,isPieceThreatened
FN:68,isSquareUndefended
FN:80,canMoveToSquare
FN:84,isPieceCapturableWithTradeOrBetter
FN:99,isPieceCapturableForMaterialGain
FN:115,getMoveDiff
FN:122,sequenceToMoveList
FN:147,getCaptureSequence
FN:167,materialWasGained
FN:178,materialValueInPosition
FN:192,pieceCountsInPosition
FNF:14
FNH:11
FNDA:0,isTactic
FNDA:184,invertTurn
FNDA:18,getThreateningMoves
FNDA:239,isPieceThreatened
FNDA:91,isSquareUndefended
FNDA:97,canMoveToSquare
FNDA:0,isPieceCapturableWithTradeOrBetter
FNDA:0,isPieceCapturableForMaterialGain
FNDA:44,getMoveDiff
FNDA:19,sequenceToMoveList
FNDA:19,getCaptureSequence
FNDA:47,materialWasGained
FNDA:94,materialValueInPosition
FNDA:94,pieceCountsInPosition
DA:1,1
DA:2,1
DA:3,1
DA:4,1
DA:5,1
DA:6,1
DA:7,1
DA:8,0
DA:9,0
DA:10,1
DA:11,1
DA:12,184
DA:13,184
DA:14,184
DA:15,184
DA:16,184
DA:17,184
DA:18,1
DA:19,1
DA:20,18
DA:21,18
DA:22,18
DA:23,18
DA:24,18
DA:25,18
DA:26,18
DA:27,18
DA:28,175
DA:29,34
DA:30,34
DA:31,175
DA:32,18
DA:33,18
DA:34,1
DA:35,1
DA:36,239
DA:37,239
DA:38,239
DA:39,239
DA:40,239
DA:41,239
DA:42,239
DA:43,57
DA:44,57
DA:45,57
DA:46,57
DA:47,57
DA:48,57
DA:49,239
DA:50,10
DA:51,10
DA:52,1
DA:53,1
DA:54,10
DA:55,0
DA:56,0
DA:57,9
DA:58,9
DA:59,239
DA:60,28
DA:61,28
DA:62,28
DA:63,28
DA:64,28
DA:65,28
DA:66,239
DA:67,1
DA:68,1
DA:69,91
DA:70,91
DA:71,91
DA:72,91
DA:73,91
DA:74,0
DA:75,0
DA:76,0
DA:77,0
DA:78,1
DA:79,1
DA:80,1
DA:81,97
DA:82,97
DA:83,1
DA:84,1
DA:85,0
DA:86,0
DA:87,0
DA:88,0
DA:89,0
DA:90,0
DA:91,0
DA:92,0
DA:93,0
DA:94,0
DA:95,0
DA:96,0
DA:97,0
DA:98,1
DA:99,1
DA:100,0
DA:101,0
DA:102,0
DA:103,0
DA:104,0
DA:105,0
DA:106,0
DA:107,0
DA:108,0
DA:109,0
DA:110,0
DA:111,0
DA:112,0
DA:113,1
DA:114,1
DA:115,1
DA:116,44
DA:117,44
DA:118,44
DA:119,44
DA:120,1
DA:121,1
DA:122,1
DA:123,19
DA:124,19
DA:125,19
DA:126,19
DA:127,19
DA:128,19
DA:129,167
DA:130,167
DA:131,19
DA:132,19
DA:133,19
DA:134,19
DA:135,19
DA:136,186
DA:137,2
DA:138,186
DA:139,184
DA:140,184
DA:141,184
DA:142,186
DA:143,19
DA:144,19
DA:145,19
DA:146,1
DA:147,1
DA:148,19
DA:149,19
DA:150,19
DA:151,184
DA:152,184
DA:153,184
DA:154,381
DA:155,184
DA:156,184
DA:157,15
DA:158,15
DA:159,184
DA:160,19
DA:161,15
DA:162,15
DA:163,4
DA:164,4
DA:165,1
DA:166,1
DA:167,1
DA:168,47
DA:169,47
DA:170,47
DA:171,47
DA:172,47
DA:173,24
DA:174,24
DA:175,23
DA:176,23
DA:177,1
DA:178,1
DA:179,94
DA:180,94
DA:181,94
DA:182,94
DA:183,188
DA:184,1128
DA:185,940
DA:186,940
DA:187,1128
DA:188,188
DA:189,94
DA:190,94
DA:191,1
DA:192,1
DA:193,94
DA:194,94
DA:195,94
DA:196,94
DA:197,94
DA:198,94
DA:199,94
DA:200,4049
DA:201,1406
DA:202,1406
DA:203,2643
DA:204,4049
DA:205,1321
DA:206,2969
DA:207,1322
DA:208,1322
DA:209,4049
DA:210,94
DA:211,94
DA:212,1
DA:213,1
DA:214,1
LF:214
LH:180
BRDA:11,0,0,184
BRDA:13,1,0,57
BRDA:13,2,0,127
BRDA:19,3,0,18
BRDA:27,4,0,175
BRDA:28,5,0,34
BRDA:35,6,0,239
BRDA:41,7,0,113
BRDA:41,8,0,149
BRDA:42,9,0,90
BRDA:42,10,0,33
BRDA:43,11,0,57
BRDA:49,12,0,10
BRDA:51,13,0,1
BRDA:54,14,0,9
BRDA:54,15,0,0
BRDA:57,16,0,9
BRDA:59,17,0,56
BRDA:59,18,0,28
BRDA:48,19,0,971
BRDA:68,20,0,91
BRDA:73,21,0,0
BRDA:80,22,0,97
BRDA:81,23,0,1698
BRDA:115,24,0,44
BRDA:117,25,0,500
BRDA:117,26,0,68
BRDA:117,27,0,6141
BRDA:122,28,0,19
BRDA:135,29,0,186
BRDA:136,30,0,21
BRDA:136,31,0,2
BRDA:138,32,0,184
BRDA:128,33,0,167
BRDA:147,34,0,19
BRDA:150,35,0,184
BRDA:156,36,0,15
BRDA:160,37,0,15
BRDA:163,38,0,4
BRDA:153,39,0,381
BRDA:154,40,0,23
BRDA:154,41,0,17
BRDA:167,42,0,47
BRDA:172,43,0,33
BRDA:172,44,0,24
BRDA:175,45,0,23
BRDA:178,46,0,94
BRDA:182,47,0,188
BRDA:183,48,0,1128
BRDA:184,49,0,940
BRDA:192,50,0,94
BRDA:199,51,0,4049
BRDA:200,52,0,1406
BRDA:203,53,0,2643
BRDA:204,54,0,2969
BRDA:204,55,0,1321
BRDA:206,56,0,1322
BRF:57
BRH:55
end_of_record
TN:
SF:src/utils/chess_helper.ts
FN:7,<instance_members_initializer>
FN:10,ChessHelper
FN:14,load
FN:22,withFenRestore
FN:32,getSquareDefenders
FN:83,getMovesToSquare
FN:99,kingNextToSquare
FN:118,pawnsDefendingSquare
FN:128,piecePinnedToKing
FN:141,attackingSquareIsGood
FN:146,attackingSquareIsBad
FN:151,materialAdvantageAfterTradesAtSquare
FN:214,getEscapeSquares
FN:245,getBlockingMoves
FN:305,throwError
FNF:15
FNH:12
FNDA:118,<instance_members_initializer>
FNDA:118,ChessHelper
FNDA:3485,load
FNDA:0,withFenRestore
FNDA:446,getSquareDefenders
FNDA:796,getMovesToSquare
FNDA:446,kingNextToSquare
FNDA:796,pawnsDefendingSquare
FNDA:15,piecePinnedToKing
FNDA:6,attackingSquareIsGood
FNDA:0,attackingSquareIsBad
FNDA:213,materialAdvantageAfterTradesAtSquare
FNDA:44,getEscapeSquares
FNDA:44,getBlockingMoves
FNDA:0,throwError
DA:1,1
DA:2,1
DA:3,1
DA:4,1
DA:5,1
DA:6,1
DA:7,118
DA:8,118
DA:9,118
DA:10,118
DA:11,118
DA:12,118
DA:13,118
DA:14,118
DA:15,3485
DA:16,1286
DA:17,1286
DA:18,1286
DA:19,3485
DA:20,3485
DA:21,118
DA:22,118
DA:23,0
DA:24,0
DA:25,0
DA:26,0
DA:27,0
DA:28,0
DA:29,0
DA:30,118
DA:31,118
DA:32,118
DA:33,446
DA:34,446
DA:35,446
DA:36,446
DA:37,446
DA:38,446
DA:39,446
DA:40,446
DA:41,446
DA:42,446
DA:43,0
DA:44,0
DA:45,0
DA:46,446
DA:47,446
DA:48,350
DA:49,350
DA:50,454
DA:51,454
DA:52,454
DA:53,350
DA:54,350
DA:55,350
DA:56,454
DA:57,454
DA:58,350
DA:59,350
DA:60,350
DA:61,350
DA:62,350
DA:63,350
DA:64,446
DA:65,39
DA:66,39
DA:67,39
DA:68,39
DA:69,39
DA:70,39
DA:71,446
DA:72,436
DA:73,436
DA:74,10
DA:75,10
DA:76,24
DA:77,24
DA:78,24
DA:79,10
DA:80,10
DA:81,10
DA:82,118
DA:83,118
DA:84,796
DA:85,796
DA:86,796
DA:87,0
DA:88,0
DA:89,0
DA:90,0
DA:91,796
DA:92,796
DA:93,796
DA:94,796
DA:95,796
DA:96,796
DA:97,796
DA:98,118
DA:99,118
DA:100,446
DA:101,446
DA:102,0
DA:103,0
DA:104,446
DA:105,446
DA:106,446
DA:107,446
DA:108,446
DA:109,446
DA:110,446
DA:111,446
DA:112,446
DA:113,446
DA:114,446
DA:115,446
DA:116,446
DA:117,118
DA:118,118
DA:119,796
DA:120,796
DA:121,796
DA:122,796
DA:123,796
DA:124,796
DA:125,796
DA:126,796
DA:127,118
DA:128,118
DA:129,15
DA:130,15
DA:131,15
DA:132,15
DA:133,15
DA:134,15
DA:135,0
DA:136,0
DA:137,15
DA:138,15
DA:139,15
DA:140,118
DA:141,118
DA:142,6
DA:143,6
DA:144,6
DA:145,118
DA:146,118
DA:147,0
DA:148,0
DA:149,0
DA:150,118
DA:151,118
DA:152,213
DA:153,213
DA:154,213
DA:155,213
DA:156,213
DA:157,213
DA:158,213
DA:159,0
DA:160,0
DA:161,213
DA:162,213
DA:163,210
DA:164,210
DA:165,213
DA:166,213
DA:167,213
DA:168,213
DA:169,0
DA:170,0
DA:171,213
DA:172,213
DA:173,213
DA:174,213
DA:175,213
DA:176,192
DA:177,192
DA:178,213
DA:179,213
DA:180,87
DA:181,4
DA:182,4
DA:183,4
DA:184,4
DA:185,1
DA:186,1
DA:187,3
DA:188,3
DA:189,83
DA:190,83
DA:191,87
DA:192,22
DA:193,12
DA:194,12
DA:195,10
DA:196,10
DA:197,10
DA:198,22
DA:199,5
DA:200,5
DA:201,5
DA:202,5
DA:203,87
DA:204,23
DA:205,23
DA:206,23
DA:207,61
DA:208,61
DA:209,61
DA:210,187
DA:211,187
DA:212,118
DA:213,118
DA:214,118
DA:215,44
DA:216,44
DA:217,44
DA:218,0
DA:219,0
DA:220,44
DA:221,44
DA:222,44
DA:223,44
DA:224,142
DA:225,142
DA:226,142
DA:227,142
DA:228,142
DA:229,37
DA:230,37
DA:231,142
DA:232,142
DA:233,142
DA:234,142
DA:235,142
DA:236,142
DA:237,142
DA:238,39
DA:239,39
DA:240,142
DA:241,44
DA:242,44
DA:243,44
DA:244,118
DA:245,118
DA:246,44
DA:247,44
DA:248,44
DA:249,44
DA:250,44
DA:251,0
DA:252,0
DA:253,0
DA:254,0
DA:255,0
DA:256,44
DA:257,0
DA:258,0
DA:259,44
DA:260,0
DA:261,0
DA:262,44
DA:263,44
DA:264,44
DA:265,44
DA:266,44
DA:267,44
DA:268,0
DA:269,0
DA:270,44
DA:271,44
DA:272,44
DA:273,44
DA:274,44
DA:275,44
DA:276,1166
DA:277,1166
DA:278,1166
DA:279,1166
DA:280,1166
DA:281,1166
DA:282,1166
DA:283,44
DA:284,44
DA:285,44
DA:286,49
DA:287,49
DA:288,49
DA:289,49
DA:290,49
DA:291,15
DA:292,15
DA:293,49
DA:294,49
DA:295,49
DA:296,49
DA:297,49
DA:298,49
DA:299,18
DA:300,18
DA:301,49
DA:302,44
DA:303,44
DA:304,118
DA:305,118
DA:306,0
DA:307,0
DA:308,0
DA:309,0
DA:310,118
LF:310
LH:268
BRDA:7,0,0,118
BRDA:10,1,0,118
BRDA:14,2,0,3485
BRDA:15,3,0,1286
BRDA:32,4,0,446
BRDA:42,5,0,440
BRDA:42,6,0,0
BRDA:47,7,0,350
BRDA:64,8,0,39
BRDA:71,9,0,436
BRDA:74,10,0,10
BRDA:49,11,0,454
BRDA:54,12,0,132
BRDA:55,13,0,454
BRDA:72,14,0,469
BRDA:75,15,0,24
BRDA:83,16,0,796
BRDA:86,17,0,0
BRDA:86,18,0,0
BRDA:93,19,0,22818
BRDA:93,20,0,458
BRDA:99,21,0,446
BRDA:101,22,0,0
BRDA:114,23,0,172
BRDA:118,24,0,796
BRDA:120,25,0,399
BRDA:120,26,0,397
BRDA:124,27,0,19390
BRDA:124,28,0,454
BRDA:128,29,0,15
BRDA:134,30,0,0
BRDA:141,31,0,6
BRDA:151,32,0,213
BRDA:158,33,0,3
BRDA:158,34,0,0
BRDA:162,35,0,210
BRDA:163,36,0,98
BRDA:164,37,0,112
BRDA:165,38,0,3
BRDA:166,39,0,114
BRDA:166,40,0,99
BRDA:168,41,0,0
BRDA:175,42,0,195
BRDA:175,43,0,192
BRDA:179,44,0,112
BRDA:179,45,0,87
BRDA:180,46,0,4
BRDA:184,47,0,1
BRDA:187,48,0,3
BRDA:189,49,0,83
BRDA:191,50,0,22
BRDA:192,51,0,12
BRDA:195,52,0,10
BRDA:198,53,0,5
BRDA:203,54,0,61
BRDA:203,55,0,23
BRDA:207,56,0,61
BRDA:210,57,0,187
BRDA:214,58,0,44
BRDA:217,59,0,0
BRDA:223,60,0,142
BRDA:228,61,0,37
BRDA:237,62,0,39
BRDA:245,63,0,44
BRDA:250,64,0,0
BRDA:256,65,0,0
BRDA:259,66,0,0
BRDA:267,67,0,0
BRDA:285,68,0,49
BRDA:290,69,0,15
BRDA:298,70,0,18
BRDA:266,71,0,349
BRDA:274,72,0,1278
BRDA:275,73,0,1166
BRDA:281,74,0,8661
BRF:75
BRH:63
end_of_record
TN:
SF:src/utils/rating_service.ts
FN:3,<instance_members_initializer>
FN:11,accuracyToColor
FN:17,classifyMove
FN:33,getGameAccuracies
FN:50,accuracyToDiff
FN:54,diffToAccuracy
FN:64,cpToWinPercentage
FN:68,winningChanceDiff
FN:74,evalToWinProb
FN:95,#isBest
FN:99,#isGood
FN:103,#isInaccuracy
FN:107,#isMistake
FNF:13
FNH:9
FNDA:1,<instance_members_initializer>
FNDA:0,accuracyToColor
FNDA:1,classifyMove
FNDA:0,getGameAccuracies
FNDA:0,accuracyToDiff
FNDA:0,diffToAccuracy
FNDA:2,cpToWinPercentage
FNDA:1,winningChanceDiff
FNDA:2,evalToWinProb
FNDA:1,#isBest
FNDA:1,#isGood
FNDA:1,#isInaccuracy
FNDA:1,#isMistake
DA:1,1
DA:2,1
DA:3,1
DA:4,1
DA:5,1
DA:6,1
DA:7,1
DA:8,1
DA:9,1
DA:10,1
DA:11,1
DA:12,0
DA:13,0
DA:14,0
DA:15,0
DA:16,1
DA:17,1
DA:18,1
DA:19,0
DA:20,0
DA:21,1
DA:22,0
DA:23,0
DA:24,1
DA:25,0
DA:26,0
DA:27,1
DA:28,0
DA:29,0
DA:30,1
DA:31,1
DA:32,1
DA:33,1
DA:34,0
DA:35,0
DA:36,0
DA:37,0
DA:38,0
DA:39,0
DA:40,0
DA:41,0
DA:42,0
DA:43,0
DA:44,0
DA:45,0
DA:46,0
DA:47,0
DA:48,0
DA:49,1
DA:50,1
DA:51,0
DA:52,0
DA:53,1
DA:54,1
DA:55,0
DA:56,0
DA:57,0
DA:58,0
DA:59,0
DA:60,0
DA:61,0
DA:62,0
DA:63,1
DA:64,1
DA:65,2
DA:66,2
DA:67,1
DA:68,1
DA:69,1
DA:70,1
DA:71,1
DA:72,1
DA:73,1
DA:74,1
DA:75,2
DA:76,0
DA:77,0
DA:78,2
DA:79,2
DA:80,2
DA:81,0
DA:82,0
DA:83,2
DA:84,2
DA:85,2
DA:86,2
DA:87,0
DA:88,0
DA:89,0
DA:90,0
DA:91,0
DA:92,0
DA:93,0
DA:94,1
DA:95,1
DA:96,1
DA:97,1
DA:98,1
DA:99,1
DA:100,1
DA:101,1
DA:102,1
DA:103,1
DA:104,1
DA:105,1
DA:106,1
DA:107,1
DA:108,1
DA:109,1
DA:110,1
DA:111,1
LF:111
LH:63
BRDA:3,0,0,1
BRDA:17,1,0,1
BRDA:18,2,0,0
BRDA:21,3,0,0
BRDA:24,4,0,0
BRDA:27,5,0,0
BRDA:64,6,0,2
BRDA:68,7,0,1
BRDA:74,8,0,2
BRDA:75,9,0,0
BRDA:80,10,0,0
BRDA:86,11,0,0
BRDA:95,12,0,1
BRDA:99,13,0,1
BRDA:103,14,0,1
BRDA:107,15,0,1
BRF:16
BRH:9
end_of_record
TN:
SF:src/utils/utils.ts
FN:12,isWhiteToPlay
FN:20,colorToPlay
FNF:2
FNH:2
FNDA:220,isWhiteToPlay
FNDA:206,colorToPlay
DA:1,1
DA:2,1
DA:3,1
DA:4,1
DA:5,1
DA:6,1
DA:7,1
DA:8,1
DA:9,1
DA:10,1
DA:11,1
DA:12,220
DA:13,220
DA:14,0
DA:15,220
DA:16,220
DA:17,220
DA:18,220
DA:19,1
DA:20,206
DA:21,206
DA:22,206
DA:23,206
LF:23
LH:22
BRDA:12,0,0,220
BRDA:13,1,0,0
BRDA:20,2,0,206
BRDA:22,3,0,109
BRDA:22,4,0,97
BRF:5
BRH:4
end_of_record
